#
# A fatal error has been detected by the Java Runtime Environment:
#
#  EXCEPTION_ACCESS_VIOLATION (0xc0000005) at pc=0x00007ffb352acad5, pid=6348, tid=7568
#
# JRE version: OpenJDK Runtime Environment (16.0.2+7) (build 16.0.2+7-67)
# Java VM: OpenJDK 64-Bit Server VM (16.0.2+7-67, mixed mode, tiered, compressed oops, compressed class ptrs, g1 gc, windows-amd64)
# Problematic frame:
# V  [jvm.dll+0x32cad5]
#
# No core dump will be written. Minidumps are not enabled by default on client versions of Windows
#
# If you would like to submit a bug report, please visit:
#   https://bugreport.java.com/bugreport/crash.jsp
#

---------------  S U M M A R Y ------------

Command Line: -XX:+ShowCodeDetailsInExceptionMessages -agentlib:jdwp=transport=dt_socket,suspend=y,address=localhost:61408 -javaagent:C:\Users\55819\eclipse\jee-2021-062\eclipse\configuration\org.eclipse.osgi\415\0\.cp\lib\javaagent-shaded.jar -Dfile.encoding=Cp1252 AulaExercicio.ExercicioAuxilioEmergencial

Host: Intel(R) Core(TM) i5-10210U CPU @ 1.60GHz, 8 cores, 7G,  Windows 10 , 64 bit Build 19041 (10.0.19041.1202)
Time: Mon Oct  4 13:42:45 2021 Hora Padrão de Buenos Aires elapsed time: 12735.053612 seconds (0d 3h 32m 15s)

---------------  T H R E A D  ---------------

Current thread (0x000001c70f810d80):  VMThread "VM Thread" [stack: 0x000000bbf3900000,0x000000bbf3a00000] [id=7568]

Stack: [0x000000bbf3900000,0x000000bbf3a00000],  sp=0x000000bbf39feed0,  free space=1019k
Native frames: (J=compiled Java code, j=interpreted, Vv=VM code, C=native code)
V  [jvm.dll+0x32cad5]
V  [jvm.dll+0x32f022]
V  [jvm.dll+0x32f72e]
V  [jvm.dll+0x32cdaf]
V  [jvm.dll+0x32c037]
V  [jvm.dll+0x656cce]
V  [jvm.dll+0x6569d3]
V  [jvm.dll+0x61c1e8]
V  [jvm.dll+0x7c18f5]
V  [jvm.dll+0x520446]
V  [jvm.dll+0x7d00ab]
V  [jvm.dll+0x7d0da4]
V  [jvm.dll+0x7d12a9]
V  [jvm.dll+0x7d1564]
V  [jvm.dll+0x7d1630]
V  [jvm.dll+0x7795aa]
V  [jvm.dll+0x667066]
C  [ucrtbase.dll+0x21bb2]
C  [KERNEL32.DLL+0x17034]
C  [ntdll.dll+0x52651]


siginfo: EXCEPTION_ACCESS_VIOLATION (0xc0000005), reading address 0x00000000000000e3


Register to memory mapping:

RIP=0x00007ffb352acad5 jvm.dll
RAX=0x00000000000000dd is an unknown value
RBX=0x000000bbf39ff170 points into unknown readable memory: 0x00007ffb358b2218 | 18 22 8b 35 fb 7f 00 00
RCX=0x0000000000000101 is an unknown value
RDX=0x0000000000000f6b is an unknown value
RSP=0x000000bbf39feed0 points into unknown readable memory: 0x000000bbf39fef40 | 40 ef 9f f3 bb 00 00 00
RBP=0x0000000000000001 is an unknown value
RSI=0x0000000000000001 is an unknown value
RDI=0x000001c711437c70 is pointing into metadata
R8 =0x0 is NULL
R9 =0x000001c711437c70 is pointing into metadata
R10=0x000000bbf39fef00 points into unknown readable memory: 0x0000000046000011 | 11 00 00 46 00 00 00 00
R11=0x000001c710d35100 points into unknown readable memory: 0x8fffffff47000000 | 00 00 00 47 ff ff ff 8f
R12=0x00007ffb34f80000 jvm.dll
R13=0x000001c710d34ea0 points into unknown readable memory: 0x000000008a6b9b00 | 00 9b 6b 8a 00 00 00 00
R14=0x000001c71143a284 is pointing into metadata
R15=0x0000000000000036 is an unknown value


Registers:
RAX=0x00000000000000dd, RBX=0x000000bbf39ff170, RCX=0x0000000000000101, RDX=0x0000000000000f6b
RSP=0x000000bbf39feed0, RBP=0x0000000000000001, RSI=0x0000000000000001, RDI=0x000001c711437c70
R8 =0x0000000000000000, R9 =0x000001c711437c70, R10=0x000000bbf39fef00, R11=0x000001c710d35100
R12=0x00007ffb34f80000, R13=0x000001c710d34ea0, R14=0x000001c71143a284, R15=0x0000000000000036
RIP=0x00007ffb352acad5, EFLAGS=0x0000000000010202

Top of Stack: (sp=0x000000bbf39feed0)
0x000000bbf39feed0:   000000bbf39fef40 00007ffb352b06b3
0x000000bbf39feee0:   000000bbf39fef40 00007ffb350a50fe
0x000000bbf39feef0:   000001c700000000 00007ffb352b09f7
0x000000bbf39fef00:   0000000046000011 8fffffff8fffffff
0x000000bbf39fef10:   000043a69071614c 000043a69071617c
0x000000bbf39fef20:   000001c71143a284 00000000000000b2
0x000000bbf39fef30:   000000bbf39ff170 00007ffb352af022
0x000000bbf39fef40:   000000bbf39fefe0 000000bbf39fefe0
0x000000bbf39fef50:   0000000000000001 000001c71143a278
0x000000bbf39fef60:   000000bb00000014 0000000000000000
0x000000bbf39fef70:   00007ffb35a90980 00007ffb35665b34
0x000000bbf39fef80:   000000bbf39fefe0 00007ffb350a50fe
0x000000bbf39fef90:   000001c71143a3d0 000000bbf39ff170
0x000000bbf39fefa0:   0000000000000036 00000000000000b2
0x000000bbf39fefb0:   000000bbf39ff170 00007ffb352af72e
0x000000bbf39fefc0:   000000bbf39ff010 000000bbf39ff010 

Instructions: (pc=0x00007ffb352acad5)
0x00007ffb352ac9d5:   42 8b 1c 81 4e 8d 34 81 8b 75 58 41 81 e0 ff ff
0x00007ffb352ac9e5:   ff 00 41 81 c8 00 00 00 47 48 8b cd 45 89 06 c7
0x00007ffb352ac9f5:   45 58 01 00 00 00 e8 b0 38 00 00 66 83 7c 24 68
0x00007ffb352aca05:   00 41 89 1e 89 75 58 74 40 8b 4c 24 70 49 ff c7
0x00007ffb352aca15:   0f b7 c1 48 83 c7 08 4c 3b f8 0f 8c 4b ff ff ff
0x00007ffb352aca25:   83 7d 5c 00 74 23 48 83 3d fd ac 7a 00 00 74 15
0x00007ffb352aca35:   80 7d 42 00 74 0f 48 8d 15 a6 0a 5c 00 48 8b cd
0x00007ffb352aca45:   e8 d6 42 00 00 c6 45 42 00 4c 8b 74 24 28 4c 8b
0x00007ffb352aca55:   6c 24 30 4c 8b 64 24 38 48 8b 7c 24 40 48 8b 74
0x00007ffb352aca65:   24 48 48 8b 5c 24 60 4c 8b 7c 24 20 48 83 c4 50
0x00007ffb352aca75:   5d c3 cc cc cc cc cc cc cc cc cc 48 89 5c 24 10
0x00007ffb352aca85:   48 89 6c 24 18 56 57 41 56 48 83 ec 50 48 8b 05
0x00007ffb352aca95:   6f 42 77 00 48 33 c4 48 89 44 24 40 48 8b 41 08
0x00007ffb352acaa5:   48 8b d9 41 8b e8 8b f2 45 33 c0 41 8b d1 48 8b
0x00007ffb352acab5:   48 08 48 8b 79 08 48 8b cf e8 5d d8 f0 ff 8b d0
0x00007ffb352acac5:   48 8b cf e8 83 03 f1 ff 48 63 c8 48 8b 44 cf 48
0x00007ffb352acad5:   0f be 48 06 e8 12 88 3b 00 8b 0d 44 ab 7a 00 48
0x00007ffb352acae5:   8d 3d 41 ab 7a 00 8d 50 f4 83 fa 01 76 27 8d 50
0x00007ffb352acaf5:   f9 f7 c2 fb ff ff ff 74 13 83 f8 0e 48 8d 15 30
0x00007ffb352acb05:   ab 7a 00 4c 8b d7 4c 0f 45 d2 eb 27 4c 8d 15 50
0x00007ffb352acb15:   ab 7a 00 eb 1e 8b 84 24 90 00 00 00 4c 8d 54 24
0x00007ffb352acb25:   30 25 ff ff ff 00 89 4c 24 34 0d 00 00 00 46 89
0x00007ffb352acb35:   44 24 30 45 33 c0 85 f6 74 05 49 8b fa eb 29 41
0x00007ffb352acb45:   8b 02 85 c0 74 22 49 8b d0 4d 8b c8 42 89 44 0c
0x00007ffb352acb55:   20 48 8d 52 01 4c 8d 0c 95 00 00 00 00 41 ff c0
0x00007ffb352acb65:   43 8b 04 11 85 c0 75 e4 85 ed 75 10 8b 05 dd 53
0x00007ffb352acb75:   74 00 49 63 d0 41 ff c0 89 44 94 20 49 63 c0 4c
0x00007ffb352acb85:   8d 74 24 20 89 4c 84 20 8b 74 24 20 85 f6 74 4c
0x00007ffb352acb95:   48 63 53 58 85 d2 7f 18 48 8d 15 ac e1 57 00 48
0x00007ffb352acba5:   8b cb e8 44 48 00 00 44 8b 05 81 aa 7a 00 eb 16
0x00007ffb352acbb5:   48 63 4b 20 8d 42 ff 89 43 58 48 03 ca 48 8b 43
0x00007ffb352acbc5:   48 44 8b 44 88 fc 8b d6 48 8b cb e8 6b f0 ff ff 


Stack slot to memory mapping:
stack at sp + 0 slots: 0x000000bbf39fef40 points into unknown readable memory: 0x000000bbf39fefe0 | e0 ef 9f f3 bb 00 00 00
stack at sp + 1 slots: 0x00007ffb352b06b3 jvm.dll
stack at sp + 2 slots: 0x000000bbf39fef40 points into unknown readable memory: 0x000000bbf39fefe0 | e0 ef 9f f3 bb 00 00 00
stack at sp + 3 slots: 0x00007ffb350a50fe jvm.dll
stack at sp + 4 slots: 0x000001c700000000 points into unknown readable memory: 0x0000000000000006 | 06 00 00 00 00 00 00 00
stack at sp + 5 slots: 0x00007ffb352b09f7 jvm.dll
stack at sp + 6 slots: 0x0000000046000011 is an unknown value
stack at sp + 7 slots: 0x8fffffff8fffffff is an unknown value

VM_Operation (0x000000bbf44ff660): get/set locals, mode: safepoint, requested by thread 0x000001c710731b00


---------------  P R O C E S S  ---------------

Threads class SMR info:
_java_thread_list=0x000001c7107f87b0, length=15, elements={
0x000001c775a317e0, 0x000001c70f826020, 0x000001c70f826ee0, 0x000001c70f85eab0,
0x000001c70f83f520, 0x000001c710402480, 0x000001c710406290, 0x000001c710414350,
0x000001c7104168c0, 0x000001c71047bd40, 0x000001c7104ee9f0, 0x000001c710731b00,
0x000001c7106d1140, 0x000001c7106d3690, 0x000001c7107ec040
}

Java Threads: ( => current thread )
  0x000001c775a317e0 JavaThread "main" [_thread_blocked, id=1460, stack(0x000000bbf3300000,0x000000bbf3400000)]
  0x000001c70f826020 JavaThread "Reference Handler" daemon [_thread_blocked, id=21460, stack(0x000000bbf3a00000,0x000000bbf3b00000)]
  0x000001c70f826ee0 JavaThread "Finalizer" daemon [_thread_blocked, id=18588, stack(0x000000bbf3b00000,0x000000bbf3c00000)]
  0x000001c70f85eab0 JavaThread "Signal Dispatcher" daemon [_thread_blocked, id=20392, stack(0x000000bbf3c00000,0x000000bbf3d00000)]
  0x000001c70f83f520 JavaThread "Attach Listener" daemon [_thread_blocked, id=6816, stack(0x000000bbf3d00000,0x000000bbf3e00000)]
  0x000001c710402480 JavaThread "Service Thread" daemon [_thread_blocked, id=12648, stack(0x000000bbf3e00000,0x000000bbf3f00000)]
  0x000001c710406290 JavaThread "Monitor Deflation Thread" daemon [_thread_blocked, id=24504, stack(0x000000bbf3f00000,0x000000bbf4000000)]
  0x000001c710414350 JavaThread "C2 CompilerThread0" daemon [_thread_blocked, id=5864, stack(0x000000bbf4000000,0x000000bbf4100000)]
  0x000001c7104168c0 JavaThread "C1 CompilerThread0" daemon [_thread_blocked, id=9228, stack(0x000000bbf4100000,0x000000bbf4200000)]
  0x000001c71047bd40 JavaThread "Sweeper thread" daemon [_thread_blocked, id=20992, stack(0x000000bbf4200000,0x000000bbf4300000)]
  0x000001c7104ee9f0 JavaThread "Common-Cleaner" daemon [_thread_blocked, id=15632, stack(0x000000bbf4300000,0x000000bbf4400000)]
  0x000001c710731b00 JavaThread "JDWP Transport Listener: dt_socket" daemon [_thread_blocked, id=15572, stack(0x000000bbf4400000,0x000000bbf4500000)]
  0x000001c7106d1140 JavaThread "JDWP Event Helper Thread" daemon [_thread_blocked, id=6424, stack(0x000000bbf4500000,0x000000bbf4600000)]
  0x000001c7106d3690 JavaThread "JDWP Command Reader" daemon [_thread_in_native, id=22344, stack(0x000000bbf4600000,0x000000bbf4700000)]
  0x000001c7107ec040 JavaThread "Notification Thread" daemon [_thread_blocked, id=11240, stack(0x000000bbf4700000,0x000000bbf4800000)]

Other Threads:
=>0x000001c70f810d80 VMThread "VM Thread" [stack: 0x000000bbf3900000,0x000000bbf3a00000] [id=7568]
  0x000001c7107ec770 WatcherThread [stack: 0x000000bbf4800000,0x000000bbf4900000] [id=18916]
  0x000001c775a710f0 GCTaskThread "GC Thread#0" [stack: 0x000000bbf3400000,0x000000bbf3500000] [id=7256]
  0x000001c775a81dc0 ConcurrentGCThread "G1 Main Marker" [stack: 0x000000bbf3500000,0x000000bbf3600000] [id=23608]
  0x000001c775a83fe0 ConcurrentGCThread "G1 Conc#0" [stack: 0x000000bbf3600000,0x000000bbf3700000] [id=24124]
  0x000001c70f670090 ConcurrentGCThread "G1 Refine#0" [stack: 0x000000bbf3700000,0x000000bbf3800000] [id=20660]
  0x000001c70f670b10 ConcurrentGCThread "G1 Service" [stack: 0x000000bbf3800000,0x000000bbf3900000] [id=9848]

Threads with active compile tasks:

VM state: at safepoint (normal execution)

VM Mutex/Monitor currently owned by a thread:  ([mutex/lock_event])
[0x000001c775a239d0] Threads_lock - owner thread: 0x000001c70f810d80

Heap address: 0x0000000082a00000, size: 2006 MB, Compressed Oops mode: 32-bit

CDS disabled.
Compressed class space mapped at: 0x0000000100000000-0x0000000140000000, reserved size: 1073741824
Narrow klass base: 0x0000000000000000, Narrow klass shift: 3, Narrow klass range: 0x140000000

GC Precious Log:
 CPUs: 8 total, 8 available
 Memory: 8023M
 Large Page Support: Disabled
 NUMA Support: Disabled
 Compressed Oops: Enabled (32-bit)
 Heap Region Size: 1M
 Heap Min Capacity: 8M
 Heap Initial Capacity: 126M
 Heap Max Capacity: 2006M
 Pre-touch: Disabled
 Parallel Workers: 8
 Concurrent Workers: 2
 Concurrent Refinement Workers: 8
 Periodic GC: Disabled

Heap:
 garbage-first heap   total 129024K, used 6144K [0x0000000082a00000, 0x0000000100000000)
  region size 1024K, 7 young (7168K), 0 survivors (0K)
 Metaspace       used 10094K, committed 10240K, reserved 1064960K
  class space    used 868K, committed 960K, reserved 1048576K

Heap Regions: E=young(eden), S=young(survivor), O=old, HS=humongous(starts), HC=humongous(continues), CS=collection set, F=free, OA=open archive, CA=closed archive, TAMS=top-at-mark-start (previous, next)
|   0|0x0000000082a00000, 0x0000000082a00000, 0x0000000082b00000|  0%| F|  |TAMS 0x0000000082a00000, 0x0000000082a00000| Untracked 
|   1|0x0000000082b00000, 0x0000000082b00000, 0x0000000082c00000|  0%| F|  |TAMS 0x0000000082b00000, 0x0000000082b00000| Untracked 
|   2|0x0000000082c00000, 0x0000000082c00000, 0x0000000082d00000|  0%| F|  |TAMS 0x0000000082c00000, 0x0000000082c00000| Untracked 
|   3|0x0000000082d00000, 0x0000000082d00000, 0x0000000082e00000|  0%| F|  |TAMS 0x0000000082d00000, 0x0000000082d00000| Untracked 
|   4|0x0000000082e00000, 0x0000000082e00000, 0x0000000082f00000|  0%| F|  |TAMS 0x0000000082e00000, 0x0000000082e00000| Untracked 
|   5|0x0000000082f00000, 0x0000000082f00000, 0x0000000083000000|  0%| F|  |TAMS 0x0000000082f00000, 0x0000000082f00000| Untracked 
|   6|0x0000000083000000, 0x0000000083000000, 0x0000000083100000|  0%| F|  |TAMS 0x0000000083000000, 0x0000000083000000| Untracked 
|   7|0x0000000083100000, 0x0000000083100000, 0x0000000083200000|  0%| F|  |TAMS 0x0000000083100000, 0x0000000083100000| Untracked 
|   8|0x0000000083200000, 0x0000000083200000, 0x0000000083300000|  0%| F|  |TAMS 0x0000000083200000, 0x0000000083200000| Untracked 
|   9|0x0000000083300000, 0x0000000083300000, 0x0000000083400000|  0%| F|  |TAMS 0x0000000083300000, 0x0000000083300000| Untracked 
|  10|0x0000000083400000, 0x0000000083400000, 0x0000000083500000|  0%| F|  |TAMS 0x0000000083400000, 0x0000000083400000| Untracked 
|  11|0x0000000083500000, 0x0000000083500000, 0x0000000083600000|  0%| F|  |TAMS 0x0000000083500000, 0x0000000083500000| Untracked 
|  12|0x0000000083600000, 0x0000000083600000, 0x0000000083700000|  0%| F|  |TAMS 0x0000000083600000, 0x0000000083600000| Untracked 
|  13|0x0000000083700000, 0x0000000083700000, 0x0000000083800000|  0%| F|  |TAMS 0x0000000083700000, 0x0000000083700000| Untracked 
|  14|0x0000000083800000, 0x0000000083800000, 0x0000000083900000|  0%| F|  |TAMS 0x0000000083800000, 0x0000000083800000| Untracked 
|  15|0x0000000083900000, 0x0000000083900000, 0x0000000083a00000|  0%| F|  |TAMS 0x0000000083900000, 0x0000000083900000| Untracked 
|  16|0x0000000083a00000, 0x0000000083a00000, 0x0000000083b00000|  0%| F|  |TAMS 0x0000000083a00000, 0x0000000083a00000| Untracked 
|  17|0x0000000083b00000, 0x0000000083b00000, 0x0000000083c00000|  0%| F|  |TAMS 0x0000000083b00000, 0x0000000083b00000| Untracked 
|  18|0x0000000083c00000, 0x0000000083c00000, 0x0000000083d00000|  0%| F|  |TAMS 0x0000000083c00000, 0x0000000083c00000| Untracked 
|  19|0x0000000083d00000, 0x0000000083d00000, 0x0000000083e00000|  0%| F|  |TAMS 0x0000000083d00000, 0x0000000083d00000| Untracked 
|  20|0x0000000083e00000, 0x0000000083e00000, 0x0000000083f00000|  0%| F|  |TAMS 0x0000000083e00000, 0x0000000083e00000| Untracked 
|  21|0x0000000083f00000, 0x0000000083f00000, 0x0000000084000000|  0%| F|  |TAMS 0x0000000083f00000, 0x0000000083f00000| Untracked 
|  22|0x0000000084000000, 0x0000000084000000, 0x0000000084100000|  0%| F|  |TAMS 0x0000000084000000, 0x0000000084000000| Untracked 
|  23|0x0000000084100000, 0x0000000084100000, 0x0000000084200000|  0%| F|  |TAMS 0x0000000084100000, 0x0000000084100000| Untracked 
|  24|0x0000000084200000, 0x0000000084200000, 0x0000000084300000|  0%| F|  |TAMS 0x0000000084200000, 0x0000000084200000| Untracked 
|  25|0x0000000084300000, 0x0000000084300000, 0x0000000084400000|  0%| F|  |TAMS 0x0000000084300000, 0x0000000084300000| Untracked 
|  26|0x0000000084400000, 0x0000000084400000, 0x0000000084500000|  0%| F|  |TAMS 0x0000000084400000, 0x0000000084400000| Untracked 
|  27|0x0000000084500000, 0x0000000084500000, 0x0000000084600000|  0%| F|  |TAMS 0x0000000084500000, 0x0000000084500000| Untracked 
|  28|0x0000000084600000, 0x0000000084600000, 0x0000000084700000|  0%| F|  |TAMS 0x0000000084600000, 0x0000000084600000| Untracked 
|  29|0x0000000084700000, 0x0000000084700000, 0x0000000084800000|  0%| F|  |TAMS 0x0000000084700000, 0x0000000084700000| Untracked 
|  30|0x0000000084800000, 0x0000000084800000, 0x0000000084900000|  0%| F|  |TAMS 0x0000000084800000, 0x0000000084800000| Untracked 
|  31|0x0000000084900000, 0x0000000084900000, 0x0000000084a00000|  0%| F|  |TAMS 0x0000000084900000, 0x0000000084900000| Untracked 
|  32|0x0000000084a00000, 0x0000000084a00000, 0x0000000084b00000|  0%| F|  |TAMS 0x0000000084a00000, 0x0000000084a00000| Untracked 
|  33|0x0000000084b00000, 0x0000000084b00000, 0x0000000084c00000|  0%| F|  |TAMS 0x0000000084b00000, 0x0000000084b00000| Untracked 
|  34|0x0000000084c00000, 0x0000000084c00000, 0x0000000084d00000|  0%| F|  |TAMS 0x0000000084c00000, 0x0000000084c00000| Untracked 
|  35|0x0000000084d00000, 0x0000000084d00000, 0x0000000084e00000|  0%| F|  |TAMS 0x0000000084d00000, 0x0000000084d00000| Untracked 
|  36|0x0000000084e00000, 0x0000000084e00000, 0x0000000084f00000|  0%| F|  |TAMS 0x0000000084e00000, 0x0000000084e00000| Untracked 
|  37|0x0000000084f00000, 0x0000000084f00000, 0x0000000085000000|  0%| F|  |TAMS 0x0000000084f00000, 0x0000000084f00000| Untracked 
|  38|0x0000000085000000, 0x0000000085000000, 0x0000000085100000|  0%| F|  |TAMS 0x0000000085000000, 0x0000000085000000| Untracked 
|  39|0x0000000085100000, 0x0000000085100000, 0x0000000085200000|  0%| F|  |TAMS 0x0000000085100000, 0x0000000085100000| Untracked 
|  40|0x0000000085200000, 0x0000000085200000, 0x0000000085300000|  0%| F|  |TAMS 0x0000000085200000, 0x0000000085200000| Untracked 
|  41|0x0000000085300000, 0x0000000085300000, 0x0000000085400000|  0%| F|  |TAMS 0x0000000085300000, 0x0000000085300000| Untracked 
|  42|0x0000000085400000, 0x0000000085400000, 0x0000000085500000|  0%| F|  |TAMS 0x0000000085400000, 0x0000000085400000| Untracked 
|  43|0x0000000085500000, 0x0000000085500000, 0x0000000085600000|  0%| F|  |TAMS 0x0000000085500000, 0x0000000085500000| Untracked 
|  44|0x0000000085600000, 0x0000000085600000, 0x0000000085700000|  0%| F|  |TAMS 0x0000000085600000, 0x0000000085600000| Untracked 
|  45|0x0000000085700000, 0x0000000085700000, 0x0000000085800000|  0%| F|  |TAMS 0x0000000085700000, 0x0000000085700000| Untracked 
|  46|0x0000000085800000, 0x0000000085800000, 0x0000000085900000|  0%| F|  |TAMS 0x0000000085800000, 0x0000000085800000| Untracked 
|  47|0x0000000085900000, 0x0000000085900000, 0x0000000085a00000|  0%| F|  |TAMS 0x0000000085900000, 0x0000000085900000| Untracked 
|  48|0x0000000085a00000, 0x0000000085a00000, 0x0000000085b00000|  0%| F|  |TAMS 0x0000000085a00000, 0x0000000085a00000| Untracked 
|  49|0x0000000085b00000, 0x0000000085b00000, 0x0000000085c00000|  0%| F|  |TAMS 0x0000000085b00000, 0x0000000085b00000| Untracked 
|  50|0x0000000085c00000, 0x0000000085c00000, 0x0000000085d00000|  0%| F|  |TAMS 0x0000000085c00000, 0x0000000085c00000| Untracked 
|  51|0x0000000085d00000, 0x0000000085d00000, 0x0000000085e00000|  0%| F|  |TAMS 0x0000000085d00000, 0x0000000085d00000| Untracked 
|  52|0x0000000085e00000, 0x0000000085e00000, 0x0000000085f00000|  0%| F|  |TAMS 0x0000000085e00000, 0x0000000085e00000| Untracked 
|  53|0x0000000085f00000, 0x0000000085f00000, 0x0000000086000000|  0%| F|  |TAMS 0x0000000085f00000, 0x0000000085f00000| Untracked 
|  54|0x0000000086000000, 0x0000000086000000, 0x0000000086100000|  0%| F|  |TAMS 0x0000000086000000, 0x0000000086000000| Untracked 
|  55|0x0000000086100000, 0x0000000086100000, 0x0000000086200000|  0%| F|  |TAMS 0x0000000086100000, 0x0000000086100000| Untracked 
|  56|0x0000000086200000, 0x0000000086200000, 0x0000000086300000|  0%| F|  |TAMS 0x0000000086200000, 0x0000000086200000| Untracked 
|  57|0x0000000086300000, 0x0000000086300000, 0x0000000086400000|  0%| F|  |TAMS 0x0000000086300000, 0x0000000086300000| Untracked 
|  58|0x0000000086400000, 0x0000000086400000, 0x0000000086500000|  0%| F|  |TAMS 0x0000000086400000, 0x0000000086400000| Untracked 
|  59|0x0000000086500000, 0x0000000086500000, 0x0000000086600000|  0%| F|  |TAMS 0x0000000086500000, 0x0000000086500000| Untracked 
|  60|0x0000000086600000, 0x0000000086600000, 0x0000000086700000|  0%| F|  |TAMS 0x0000000086600000, 0x0000000086600000| Untracked 
|  61|0x0000000086700000, 0x0000000086700000, 0x0000000086800000|  0%| F|  |TAMS 0x0000000086700000, 0x0000000086700000| Untracked 
|  62|0x0000000086800000, 0x0000000086800000, 0x0000000086900000|  0%| F|  |TAMS 0x0000000086800000, 0x0000000086800000| Untracked 
|  63|0x0000000086900000, 0x0000000086900000, 0x0000000086a00000|  0%| F|  |TAMS 0x0000000086900000, 0x0000000086900000| Untracked 
|  64|0x0000000086a00000, 0x0000000086a00000, 0x0000000086b00000|  0%| F|  |TAMS 0x0000000086a00000, 0x0000000086a00000| Untracked 
|  65|0x0000000086b00000, 0x0000000086b00000, 0x0000000086c00000|  0%| F|  |TAMS 0x0000000086b00000, 0x0000000086b00000| Untracked 
|  66|0x0000000086c00000, 0x0000000086c00000, 0x0000000086d00000|  0%| F|  |TAMS 0x0000000086c00000, 0x0000000086c00000| Untracked 
|  67|0x0000000086d00000, 0x0000000086d00000, 0x0000000086e00000|  0%| F|  |TAMS 0x0000000086d00000, 0x0000000086d00000| Untracked 
|  68|0x0000000086e00000, 0x0000000086e00000, 0x0000000086f00000|  0%| F|  |TAMS 0x0000000086e00000, 0x0000000086e00000| Untracked 
|  69|0x0000000086f00000, 0x0000000086f00000, 0x0000000087000000|  0%| F|  |TAMS 0x0000000086f00000, 0x0000000086f00000| Untracked 
|  70|0x0000000087000000, 0x0000000087000000, 0x0000000087100000|  0%| F|  |TAMS 0x0000000087000000, 0x0000000087000000| Untracked 
|  71|0x0000000087100000, 0x0000000087100000, 0x0000000087200000|  0%| F|  |TAMS 0x0000000087100000, 0x0000000087100000| Untracked 
|  72|0x0000000087200000, 0x0000000087200000, 0x0000000087300000|  0%| F|  |TAMS 0x0000000087200000, 0x0000000087200000| Untracked 
|  73|0x0000000087300000, 0x0000000087300000, 0x0000000087400000|  0%| F|  |TAMS 0x0000000087300000, 0x0000000087300000| Untracked 
|  74|0x0000000087400000, 0x0000000087400000, 0x0000000087500000|  0%| F|  |TAMS 0x0000000087400000, 0x0000000087400000| Untracked 
|  75|0x0000000087500000, 0x0000000087500000, 0x0000000087600000|  0%| F|  |TAMS 0x0000000087500000, 0x0000000087500000| Untracked 
|  76|0x0000000087600000, 0x0000000087600000, 0x0000000087700000|  0%| F|  |TAMS 0x0000000087600000, 0x0000000087600000| Untracked 
|  77|0x0000000087700000, 0x0000000087700000, 0x0000000087800000|  0%| F|  |TAMS 0x0000000087700000, 0x0000000087700000| Untracked 
|  78|0x0000000087800000, 0x0000000087800000, 0x0000000087900000|  0%| F|  |TAMS 0x0000000087800000, 0x0000000087800000| Untracked 
|  79|0x0000000087900000, 0x0000000087900000, 0x0000000087a00000|  0%| F|  |TAMS 0x0000000087900000, 0x0000000087900000| Untracked 
|  80|0x0000000087a00000, 0x0000000087a00000, 0x0000000087b00000|  0%| F|  |TAMS 0x0000000087a00000, 0x0000000087a00000| Untracked 
|  81|0x0000000087b00000, 0x0000000087b00000, 0x0000000087c00000|  0%| F|  |TAMS 0x0000000087b00000, 0x0000000087b00000| Untracked 
|  82|0x0000000087c00000, 0x0000000087c00000, 0x0000000087d00000|  0%| F|  |TAMS 0x0000000087c00000, 0x0000000087c00000| Untracked 
|  83|0x0000000087d00000, 0x0000000087d00000, 0x0000000087e00000|  0%| F|  |TAMS 0x0000000087d00000, 0x0000000087d00000| Untracked 
|  84|0x0000000087e00000, 0x0000000087e00000, 0x0000000087f00000|  0%| F|  |TAMS 0x0000000087e00000, 0x0000000087e00000| Untracked 
|  85|0x0000000087f00000, 0x0000000087f00000, 0x0000000088000000|  0%| F|  |TAMS 0x0000000087f00000, 0x0000000087f00000| Untracked 
|  86|0x0000000088000000, 0x0000000088000000, 0x0000000088100000|  0%| F|  |TAMS 0x0000000088000000, 0x0000000088000000| Untracked 
|  87|0x0000000088100000, 0x0000000088100000, 0x0000000088200000|  0%| F|  |TAMS 0x0000000088100000, 0x0000000088100000| Untracked 
|  88|0x0000000088200000, 0x0000000088200000, 0x0000000088300000|  0%| F|  |TAMS 0x0000000088200000, 0x0000000088200000| Untracked 
|  89|0x0000000088300000, 0x0000000088300000, 0x0000000088400000|  0%| F|  |TAMS 0x0000000088300000, 0x0000000088300000| Untracked 
|  90|0x0000000088400000, 0x0000000088400000, 0x0000000088500000|  0%| F|  |TAMS 0x0000000088400000, 0x0000000088400000| Untracked 
|  91|0x0000000088500000, 0x0000000088500000, 0x0000000088600000|  0%| F|  |TAMS 0x0000000088500000, 0x0000000088500000| Untracked 
|  92|0x0000000088600000, 0x0000000088600000, 0x0000000088700000|  0%| F|  |TAMS 0x0000000088600000, 0x0000000088600000| Untracked 
|  93|0x0000000088700000, 0x0000000088700000, 0x0000000088800000|  0%| F|  |TAMS 0x0000000088700000, 0x0000000088700000| Untracked 
|  94|0x0000000088800000, 0x0000000088800000, 0x0000000088900000|  0%| F|  |TAMS 0x0000000088800000, 0x0000000088800000| Untracked 
|  95|0x0000000088900000, 0x0000000088900000, 0x0000000088a00000|  0%| F|  |TAMS 0x0000000088900000, 0x0000000088900000| Untracked 
|  96|0x0000000088a00000, 0x0000000088a00000, 0x0000000088b00000|  0%| F|  |TAMS 0x0000000088a00000, 0x0000000088a00000| Untracked 
|  97|0x0000000088b00000, 0x0000000088b00000, 0x0000000088c00000|  0%| F|  |TAMS 0x0000000088b00000, 0x0000000088b00000| Untracked 
|  98|0x0000000088c00000, 0x0000000088c00000, 0x0000000088d00000|  0%| F|  |TAMS 0x0000000088c00000, 0x0000000088c00000| Untracked 
|  99|0x0000000088d00000, 0x0000000088d00000, 0x0000000088e00000|  0%| F|  |TAMS 0x0000000088d00000, 0x0000000088d00000| Untracked 
| 100|0x0000000088e00000, 0x0000000088e00000, 0x0000000088f00000|  0%| F|  |TAMS 0x0000000088e00000, 0x0000000088e00000| Untracked 
| 101|0x0000000088f00000, 0x0000000088f00000, 0x0000000089000000|  0%| F|  |TAMS 0x0000000088f00000, 0x0000000088f00000| Untracked 
| 102|0x0000000089000000, 0x0000000089000000, 0x0000000089100000|  0%| F|  |TAMS 0x0000000089000000, 0x0000000089000000| Untracked 
| 103|0x0000000089100000, 0x0000000089100000, 0x0000000089200000|  0%| F|  |TAMS 0x0000000089100000, 0x0000000089100000| Untracked 
| 104|0x0000000089200000, 0x0000000089200000, 0x0000000089300000|  0%| F|  |TAMS 0x0000000089200000, 0x0000000089200000| Untracked 
| 105|0x0000000089300000, 0x0000000089300000, 0x0000000089400000|  0%| F|  |TAMS 0x0000000089300000, 0x0000000089300000| Untracked 
| 106|0x0000000089400000, 0x0000000089400000, 0x0000000089500000|  0%| F|  |TAMS 0x0000000089400000, 0x0000000089400000| Untracked 
| 107|0x0000000089500000, 0x0000000089500000, 0x0000000089600000|  0%| F|  |TAMS 0x0000000089500000, 0x0000000089500000| Untracked 
| 108|0x0000000089600000, 0x0000000089600000, 0x0000000089700000|  0%| F|  |TAMS 0x0000000089600000, 0x0000000089600000| Untracked 
| 109|0x0000000089700000, 0x0000000089700000, 0x0000000089800000|  0%| F|  |TAMS 0x0000000089700000, 0x0000000089700000| Untracked 
| 110|0x0000000089800000, 0x0000000089800000, 0x0000000089900000|  0%| F|  |TAMS 0x0000000089800000, 0x0000000089800000| Untracked 
| 111|0x0000000089900000, 0x0000000089900000, 0x0000000089a00000|  0%| F|  |TAMS 0x0000000089900000, 0x0000000089900000| Untracked 
| 112|0x0000000089a00000, 0x0000000089a00000, 0x0000000089b00000|  0%| F|  |TAMS 0x0000000089a00000, 0x0000000089a00000| Untracked 
| 113|0x0000000089b00000, 0x0000000089b00000, 0x0000000089c00000|  0%| F|  |TAMS 0x0000000089b00000, 0x0000000089b00000| Untracked 
| 114|0x0000000089c00000, 0x0000000089c00000, 0x0000000089d00000|  0%| F|  |TAMS 0x0000000089c00000, 0x0000000089c00000| Untracked 
| 115|0x0000000089d00000, 0x0000000089d00000, 0x0000000089e00000|  0%| F|  |TAMS 0x0000000089d00000, 0x0000000089d00000| Untracked 
| 116|0x0000000089e00000, 0x0000000089e00000, 0x0000000089f00000|  0%| F|  |TAMS 0x0000000089e00000, 0x0000000089e00000| Untracked 
| 117|0x0000000089f00000, 0x0000000089f00000, 0x000000008a000000|  0%| F|  |TAMS 0x0000000089f00000, 0x0000000089f00000| Untracked 
| 118|0x000000008a000000, 0x000000008a000000, 0x000000008a100000|  0%| F|  |TAMS 0x000000008a000000, 0x000000008a000000| Untracked 
| 119|0x000000008a100000, 0x000000008a1fa060, 0x000000008a200000| 97%| E|  |TAMS 0x000000008a100000, 0x000000008a100000| Complete 
| 120|0x000000008a200000, 0x000000008a300000, 0x000000008a300000|100%| E|CS|TAMS 0x000000008a200000, 0x000000008a200000| Complete 
| 121|0x000000008a300000, 0x000000008a400000, 0x000000008a400000|100%| E|CS|TAMS 0x000000008a300000, 0x000000008a300000| Complete 
| 122|0x000000008a400000, 0x000000008a500000, 0x000000008a500000|100%| E|CS|TAMS 0x000000008a400000, 0x000000008a400000| Complete 
| 123|0x000000008a500000, 0x000000008a600000, 0x000000008a600000|100%| E|CS|TAMS 0x000000008a500000, 0x000000008a500000| Complete 
| 124|0x000000008a600000, 0x000000008a700000, 0x000000008a700000|100%| E|CS|TAMS 0x000000008a600000, 0x000000008a600000| Complete 
| 125|0x000000008a700000, 0x000000008a800000, 0x000000008a800000|100%| E|CS|TAMS 0x000000008a700000, 0x000000008a700000| Complete 

Card table byte_map: [0x000001c7796d0000,0x000001c779ac0000] _byte_map_base: 0x000001c7792bb000

Marking Bits (Prev, Next): (CMBitMap*) 0x000001c775a717e0, (CMBitMap*) 0x000001c775a71820
 Prev Bits: [0x000001c779eb0000, 0x000001c77be08000)
 Next Bits: [0x000001c77be10000, 0x000001c77dd68000)

Polling page: 0x000001c773a40000

Metaspace:

Usage:
  Non-class:      9.01 MB used.
      Class:    868.35 KB used.
       Both:      9.86 MB used.

Virtual space:
  Non-class space:       16.00 MB reserved,       9.06 MB ( 57%) committed,  2 nodes.
      Class space:        1.00 GB reserved,     960.00 KB ( <1%) committed,  1 nodes.
              Both:        1.02 GB reserved,      10.00 MB ( <1%) committed. 

Chunk freelists:
   Non-Class:  2.72 MB
       Class:  3.10 MB
        Both:  5.82 MB

MaxMetaspaceSize: 17179869184.00 GB
CompressedClassSpaceSize: 1.00 GB
 - commit_granule_bytes: 65536.
 - commit_granule_words: 8192.
 - virtual_space_node_default_size: 1048576.
 - enlarge_chunks_in_place: 1.
 - new_chunks_are_fully_committed: 0.
 - uncommit_free_chunks: 1.
 - use_allocation_guard: 0.
 - handle_deallocations: 1.


Internal statistics:

num_allocs_failed_limit: 0.
num_arena_births: 12.
num_arena_deaths: 0.
num_vsnodes_births: 3.
num_vsnodes_deaths: 0.
num_space_committed: 160.
num_space_uncommitted: 0.
num_chunks_returned_to_freelist: 0.
num_chunks_taken_from_freelist: 58.
num_chunk_merges: 0.
num_chunk_splits: 22.
num_chunks_enlarged: 12.
num_purges: 0.

CodeHeap 'non-profiled nmethods': size=120000Kb used=144Kb max_used=144Kb free=119855Kb
 bounds [0x000001c707ad0000, 0x000001c707d40000, 0x000001c70f000000]
CodeHeap 'profiled nmethods': size=120000Kb used=626Kb max_used=626Kb free=119373Kb
 bounds [0x000001c7005a0000, 0x000001c700810000, 0x000001c707ad0000]
CodeHeap 'non-nmethods': size=5760Kb used=1207Kb max_used=1223Kb free=4552Kb
 bounds [0x000001c700000000, 0x000001c700270000, 0x000001c7005a0000]
 total_blobs=863 nmethods=449 adapters=327
 compilation: enabled
              stopped_count=0, restarted_count=0
 full_count=0

Compilation events (20 events):
Event: 1.423 Thread 0x000001c7104168c0  440       3       java.lang.Class::getPackageName (81 bytes)
Event: 1.424 Thread 0x000001c7104168c0 nmethod 440 0x000001c70063a010 code [0x000001c70063a2a0, 0x000001c70063ad68]
Event: 1.428 Thread 0x000001c710414350  441       4       java.util.Arrays::copyOfRange (64 bytes)
Event: 1.429 Thread 0x000001c7104168c0  442       3       jdk.internal.org.objectweb.asm.ByteVector::put12 (64 bytes)
Event: 1.430 Thread 0x000001c7104168c0 nmethod 442 0x000001c70063b190 code [0x000001c70063b340, 0x000001c70063b588]
Event: 1.432 Thread 0x000001c710414350 nmethod 441 0x000001c707af2d10 code [0x000001c707af2ea0, 0x000001c707af3118]
Event: 1.432 Thread 0x000001c7104168c0  443       3       java.lang.StringUTF16::getChar (60 bytes)
Event: 1.432 Thread 0x000001c7104168c0 nmethod 443 0x000001c70063b710 code [0x000001c70063b8c0, 0x000001c70063ba38]
Event: 1.433 Thread 0x000001c710414350  444       4       java.lang.StringUTF16::getChar (60 bytes)
Event: 1.434 Thread 0x000001c710414350 nmethod 444 0x000001c707af3290 code [0x000001c707af3420, 0x000001c707af3518]
Event: 1.439 Thread 0x000001c710414350  445       4       java.util.Objects::requireNonNull (14 bytes)
Event: 1.440 Thread 0x000001c710414350 nmethod 445 0x000001c707af3610 code [0x000001c707af3780, 0x000001c707af37f8]
Event: 1354.365 Thread 0x000001c7104168c0  446       3       org.eclipse.jdt.launching.internal.org.objectweb.asm.SymbolTable::addConstantUtf8Reference (20 bytes)
Event: 1354.365 Thread 0x000001c710414350  447       4       java.lang.StringUTF16::compress (50 bytes)
Event: 1354.366 Thread 0x000001c7104168c0 nmethod 446 0x000001c70063bb10 code [0x000001c70063bce0, 0x000001c70063bfa8]
Event: 1354.379 Thread 0x000001c710414350 

Event: 1566.339 Thread 0x000001c710414350  448       4       org.eclipse.jdt.launching.internal.org.objectweb.asm.ClassReader::getItem (7 bytes)
Event: 1566.347 Thread 0x000001c710414350 

Event: 7561.722 Thread 0x000001c7104168c0  451       3       java.lang.ref.ReferenceQueue::reallyPoll (65 bytes)
Event: 7562.244 Thread 0x000001c7104168c0 nmethod 451 0x000001c70063c190 code [0x000001c70063c360, 0x000001c70063c898]

GC Heap History (0 events):
No events

Deoptimization events (20 events):
Event: 1.351 Thread 0x000001c775a317e0 DEOPT PACKING pc=0x000001c70061555b sp=0x000000bbf33f7d70
Event: 1.351 Thread 0x000001c775a317e0 DEOPT UNPACKING pc=0x000001c70004dece sp=0x000000bbf33f71d8 mode 0
Event: 1.351 Thread 0x000001c775a317e0 DEOPT PACKING pc=0x000001c70061555b sp=0x000000bbf33f7d70
Event: 1.351 Thread 0x000001c775a317e0 DEOPT UNPACKING pc=0x000001c70004dece sp=0x000000bbf33f71d8 mode 0
Event: 1.351 Thread 0x000001c775a317e0 DEOPT PACKING pc=0x000001c70061555b sp=0x000000bbf33f7d70
Event: 1.351 Thread 0x000001c775a317e0 DEOPT UNPACKING pc=0x000001c70004dece sp=0x000000bbf33f71d8 mode 0
Event: 1.353 Thread 0x000001c775a317e0 DEOPT PACKING pc=0x000001c700615470 sp=0x000000bbf33f7d70
Event: 1.353 Thread 0x000001c775a317e0 DEOPT UNPACKING pc=0x000001c70004dece sp=0x000000bbf33f71d8 mode 0
Event: 1.416 Thread 0x000001c775a317e0 Uncommon trap: trap_request=0xffffff45 fr.pc=0x000001c707ad91f8 relative=0x0000000000000258
Event: 1.416 Thread 0x000001c775a317e0 Uncommon trap: reason=unstable_if action=reinterpret pc=0x000001c707ad91f8 method=java.lang.String.isLatin1()Z @ 10 c2
Event: 1.416 Thread 0x000001c775a317e0 DEOPT PACKING pc=0x000001c707ad91f8 sp=0x000000bbf33fca10
Event: 1.416 Thread 0x000001c775a317e0 DEOPT UNPACKING pc=0x000001c70004d72e sp=0x000000bbf33fc948 mode 2
Event: 1.416 Thread 0x000001c775a317e0 Uncommon trap: trap_request=0xffffff45 fr.pc=0x000001c707add800 relative=0x0000000000000060
Event: 1.416 Thread 0x000001c775a317e0 Uncommon trap: reason=unstable_if action=reinterpret pc=0x000001c707add800 method=java.lang.String.isLatin1()Z @ 10 c2
Event: 1.416 Thread 0x000001c775a317e0 DEOPT PACKING pc=0x000001c707add800 sp=0x000000bbf33fc9a0
Event: 1.416 Thread 0x000001c775a317e0 DEOPT UNPACKING pc=0x000001c70004d72e sp=0x000000bbf33fc940 mode 2
Event: 1.431 Thread 0x000001c775a317e0 Uncommon trap: trap_request=0xffffff45 fr.pc=0x000001c707ae21e8 relative=0x0000000000000048
Event: 1.431 Thread 0x000001c775a317e0 Uncommon trap: reason=unstable_if action=reinterpret pc=0x000001c707ae21e8 method=java.lang.CharacterData.of(I)Ljava/lang/CharacterData; @ 4 c2
Event: 1.431 Thread 0x000001c775a317e0 DEOPT PACKING pc=0x000001c707ae21e8 sp=0x000000bbf33fe960
Event: 1.431 Thread 0x000001c775a317e0 DEOPT UNPACKING pc=0x000001c70004d72e sp=0x000000bbf33fe900 mode 2

Classes unloaded (0 events):
No events

Classes redefined (7 events):
Event: 40.285 Thread 0x000001c70f810d80 redefined class name=AulaExercicio.ExercicioAuxilioEmergencial, count=1
Event: 196.570 Thread 0x000001c70f810d80 redefined class name=AulaExercicio.ExercicioAuxilioEmergencial, count=2
Event: 872.172 Thread 0x000001c70f810d80 redefined class name=AulaExercicio.ExercicioAuxilioEmergencial, count=3
Event: 1354.367 Thread 0x000001c70f810d80 redefined class name=AulaExercicio.ExercicioAuxilioEmergencial, count=4
Event: 1438.809 Thread 0x000001c70f810d80 redefined class name=AulaExercicio.ExercicioAuxilioEmergencial, count=5
Event: 1566.342 Thread 0x000001c70f810d80 redefined class name=AulaExercicio.ExercicioAuxilioEmergencial, count=6
Event: 1868.338 Thread 0x000001c70f810d80 redefined class name=AulaExercicio.ExercicioAuxilioEmergencial, count=7

Internal exceptions (1 events):
Event: 1.203 Thread 0x000001c775a317e0 Exception <a 'java/lang/NoSuchMethodError'{0x000000008a4e9a98}: 'java.lang.Object java.lang.invoke.DirectMethodHandle$Holder.invokeStatic(java.lang.Object)'> (0x000000008a4e9a98) 
thrown [t:\workspace\open\src\hotspot\share\interpreter\linkResolver.cpp, line 790]

Events (20 events):
Event: 1354.378 Executing  VM operation: ChangeBreakpoints done
Event: 1435.907 Executing  VM operation: ChangeBreakpoints
Event: 1435.907 Executing  VM operation: ChangeBreakpoints done
Event: 1436.558 Executing  VM operation: ChangeBreakpoints
Event: 1436.559 Executing  VM operation: ChangeBreakpoints done
Event: 1438.808 Executing  VM operation: RedefineClasses
Event: 1438.811 Executing  VM operation: RedefineClasses done
Event: 1438.818 Executing  VM operation: ChangeBreakpoints
Event: 1438.819 Executing  VM operation: ChangeBreakpoints done
Event: 1566.340 Executing  VM operation: RedefineClasses
Event: 1566.347 Executing  VM operation: RedefineClasses done
Event: 1566.359 Executing  VM operation: ChangeBreakpoints
Event: 1566.360 Executing  VM operation: ChangeBreakpoints done
Event: 1868.337 Executing  VM operation: RedefineClasses
Event: 1868.341 Executing  VM operation: RedefineClasses done
Event: 1868.349 Executing  VM operation: ChangeBreakpoints
Event: 1868.349 Executing  VM operation: ChangeBreakpoints done
Event: 2050.617 Executing  VM operation: ChangeBreakpoints
Event: 2050.617 Executing  VM operation: ChangeBreakpoints done
Event: 12734.575 Executing  VM operation: get/set locals


Dynamic libraries:
0x00007ff6b6140000 - 0x00007ff6b614e000 	C:\Users\55819\.p2\pool\plugins\org.eclipse.justj.openjdk.hotspot.jre.full.win32.x86_64_16.0.2.v20210721-1149\jre\bin\javaw.exe
0x00007ffba6870000 - 0x00007ffba6a65000 	C:\WINDOWS\SYSTEM32\ntdll.dll
0x00007ffb75700000 - 0x00007ffb75715000 	C:\Program Files\Avast Software\Avast\aswhook.dll
0x00007ffba6180000 - 0x00007ffba623e000 	C:\WINDOWS\System32\KERNEL32.DLL
0x00007ffba42a0000 - 0x00007ffba4569000 	C:\WINDOWS\System32\KERNELBASE.dll
0x00007ffba4680000 - 0x00007ffba4780000 	C:\WINDOWS\System32\ucrtbase.dll
0x00007ffb98020000 - 0x00007ffb98038000 	C:\Users\55819\.p2\pool\plugins\org.eclipse.justj.openjdk.hotspot.jre.full.win32.x86_64_16.0.2.v20210721-1149\jre\bin\jli.dll
0x00007ffb97cc0000 - 0x00007ffb97cd9000 	C:\Users\55819\.p2\pool\plugins\org.eclipse.justj.openjdk.hotspot.jre.full.win32.x86_64_16.0.2.v20210721-1149\jre\bin\VCRUNTIME140.dll
0x00007ffba6350000 - 0x00007ffba64f1000 	C:\WINDOWS\System32\USER32.dll
0x00007ffba4780000 - 0x00007ffba47a2000 	C:\WINDOWS\System32\win32u.dll
0x00007ffb82bd0000 - 0x00007ffb82e6a000 	C:\WINDOWS\WinSxS\amd64_microsoft.windows.common-controls_6595b64144ccf1df_6.0.19041.1110_none_60b5254171f9507e\COMCTL32.dll
0x00007ffba48c0000 - 0x00007ffba48eb000 	C:\WINDOWS\System32\GDI32.dll
0x00007ffba47b0000 - 0x00007ffba48bb000 	C:\WINDOWS\System32\gdi32full.dll
0x00007ffba65e0000 - 0x00007ffba667e000 	C:\WINDOWS\System32\msvcrt.dll
0x00007ffba40f0000 - 0x00007ffba418d000 	C:\WINDOWS\System32\msvcp_win.dll
0x00007ffba52c0000 - 0x00007ffba52f0000 	C:\WINDOWS\System32\IMM32.DLL
0x00007ffb8ab00000 - 0x00007ffb8ab0c000 	C:\Users\55819\.p2\pool\plugins\org.eclipse.justj.openjdk.hotspot.jre.full.win32.x86_64_16.0.2.v20210721-1149\jre\bin\vcruntime140_1.dll
0x00007ffb5dde0000 - 0x00007ffb5de71000 	C:\Users\55819\.p2\pool\plugins\org.eclipse.justj.openjdk.hotspot.jre.full.win32.x86_64_16.0.2.v20210721-1149\jre\bin\msvcp140.dll
0x00007ffb34f80000 - 0x00007ffb35b2b000 	C:\Users\55819\.p2\pool\plugins\org.eclipse.justj.openjdk.hotspot.jre.full.win32.x86_64_16.0.2.v20210721-1149\jre\bin\server\jvm.dll
0x00007ffba5cd0000 - 0x00007ffba5d7c000 	C:\WINDOWS\System32\ADVAPI32.dll
0x00007ffba5770000 - 0x00007ffba580b000 	C:\WINDOWS\System32\sechost.dll
0x00007ffba5810000 - 0x00007ffba593a000 	C:\WINDOWS\System32\RPCRT4.dll
0x00007ffba6500000 - 0x00007ffba6508000 	C:\WINDOWS\System32\PSAPI.DLL
0x00007ffb8fc80000 - 0x00007ffb8fc89000 	C:\WINDOWS\SYSTEM32\WSOCK32.dll
0x00007ffb87380000 - 0x00007ffb873a7000 	C:\WINDOWS\SYSTEM32\WINMM.dll
0x00007ffb9b310000 - 0x00007ffb9b31a000 	C:\WINDOWS\SYSTEM32\VERSION.dll
0x00007ffba5940000 - 0x00007ffba59ab000 	C:\WINDOWS\System32\WS2_32.dll
0x00007ffba2070000 - 0x00007ffba2082000 	C:\WINDOWS\SYSTEM32\kernel.appcore.dll
0x00007ffb9e410000 - 0x00007ffb9e41a000 	C:\Users\55819\.p2\pool\plugins\org.eclipse.justj.openjdk.hotspot.jre.full.win32.x86_64_16.0.2.v20210721-1149\jre\bin\jimage.dll
0x00007ffb9ed40000 - 0x00007ffb9ef24000 	C:\WINDOWS\SYSTEM32\DBGHELP.DLL
0x00007ffb9aea0000 - 0x00007ffb9aecc000 	C:\WINDOWS\SYSTEM32\dbgcore.DLL
0x00007ffba4570000 - 0x00007ffba45f3000 	C:\WINDOWS\System32\bcryptPrimitives.dll
0x00007ffb604d0000 - 0x00007ffb6050b000 	C:\Users\55819\.p2\pool\plugins\org.eclipse.justj.openjdk.hotspot.jre.full.win32.x86_64_16.0.2.v20210721-1149\jre\bin\jdwp.dll
0x00007ffb9e4d0000 - 0x00007ffb9e4de000 	C:\Users\55819\.p2\pool\plugins\org.eclipse.justj.openjdk.hotspot.jre.full.win32.x86_64_16.0.2.v20210721-1149\jre\bin\instrument.dll
0x00007ffb9d5f0000 - 0x00007ffb9d615000 	C:\Users\55819\.p2\pool\plugins\org.eclipse.justj.openjdk.hotspot.jre.full.win32.x86_64_16.0.2.v20210721-1149\jre\bin\java.dll
0x00007ffb9d5d0000 - 0x00007ffb9d5e8000 	C:\Users\55819\.p2\pool\plugins\org.eclipse.justj.openjdk.hotspot.jre.full.win32.x86_64_16.0.2.v20210721-1149\jre\bin\zip.dll
0x00007ffba4900000 - 0x00007ffba503f000 	C:\WINDOWS\System32\SHELL32.dll
0x00007ffba2090000 - 0x00007ffba2820000 	C:\WINDOWS\SYSTEM32\windows.storage.dll
0x00007ffba5e10000 - 0x00007ffba6165000 	C:\WINDOWS\System32\combase.dll
0x00007ffba3910000 - 0x00007ffba393c000 	C:\WINDOWS\SYSTEM32\Wldp.dll
0x00007ffba6240000 - 0x00007ffba62ee000 	C:\WINDOWS\System32\SHCORE.dll
0x00007ffba62f0000 - 0x00007ffba6345000 	C:\WINDOWS\System32\shlwapi.dll
0x00007ffba3ed0000 - 0x00007ffba3eef000 	C:\WINDOWS\SYSTEM32\profapi.dll
0x00007ffb97ce0000 - 0x00007ffb97cec000 	C:\Users\55819\.p2\pool\plugins\org.eclipse.justj.openjdk.hotspot.jre.full.win32.x86_64_16.0.2.v20210721-1149\jre\bin\dt_socket.dll
0x00007ffba3360000 - 0x00007ffba339b000 	C:\WINDOWS\SYSTEM32\IPHLPAPI.DLL
0x00007ffba3670000 - 0x00007ffba36da000 	C:\WINDOWS\system32\mswsock.dll
0x00007ffba33a0000 - 0x00007ffba346c000 	C:\WINDOWS\SYSTEM32\DNSAPI.dll
0x00007ffba48f0000 - 0x00007ffba48f8000 	C:\WINDOWS\System32\NSI.dll
0x00007ffb963a0000 - 0x00007ffb963aa000 	C:\Windows\System32\rasadhlp.dll
0x00007ffb98450000 - 0x00007ffb984cf000 	C:\WINDOWS\System32\fwpuclnt.dll
0x00007ffba4650000 - 0x00007ffba4677000 	C:\WINDOWS\System32\bcrypt.dll
0x00007ffb9d5b0000 - 0x00007ffb9d5c9000 	C:\Users\55819\.p2\pool\plugins\org.eclipse.justj.openjdk.hotspot.jre.full.win32.x86_64_16.0.2.v20210721-1149\jre\bin\net.dll
0x00007ffb98340000 - 0x00007ffb98448000 	C:\WINDOWS\SYSTEM32\WINHTTP.dll
0x00007ffb9d4b0000 - 0x00007ffb9d4c3000 	C:\Users\55819\.p2\pool\plugins\org.eclipse.justj.openjdk.hotspot.jre.full.win32.x86_64_16.0.2.v20210721-1149\jre\bin\nio.dll
0x00007ffb9e450000 - 0x00007ffb9e460000 	C:\Users\55819\.p2\pool\plugins\org.eclipse.justj.openjdk.hotspot.jre.full.win32.x86_64_16.0.2.v20210721-1149\jre\bin\verify.dll

dbghelp: loaded successfully - version: 4.0.5 - missing functions: none
symbol engine: initialized successfully - sym options: 0x614 - pdb path: .;C:\Users\55819\.p2\pool\plugins\org.eclipse.justj.openjdk.hotspot.jre.full.win32.x86_64_16.0.2.v20210721-1149\jre\bin;C:\WINDOWS\SYSTEM32;C:\Program Files\Avast Software\Avast;C:\WINDOWS\WinSxS\amd64_microsoft.windows.common-controls_6595b64144ccf1df_6.0.19041.1110_none_60b5254171f9507e;C:\Users\55819\.p2\pool\plugins\org.eclipse.justj.openjdk.hotspot.jre.full.win32.x86_64_16.0.2.v20210721-1149\jre\bin\server

VM Arguments:
jvm_args: -XX:+ShowCodeDetailsInExceptionMessages -agentlib:jdwp=transport=dt_socket,suspend=y,address=localhost:61408 -javaagent:C:\Users\55819\eclipse\jee-2021-062\eclipse\configuration\org.eclipse.osgi\415\0\.cp\lib\javaagent-shaded.jar -Dfile.encoding=Cp1252 
java_command: AulaExercicio.ExercicioAuxilioEmergencial
java_class_path (initial): C:\Users\55819\OneDrive\Área de Trabalho\turma37gen\java\AULAS\bin
Launcher Type: SUN_STANDARD

[Global flags]
     intx CICompilerCount                          = 4                                         {product} {ergonomic}
     uint ConcGCThreads                            = 2                                         {product} {ergonomic}
     uint G1ConcRefinementThreads                  = 8                                         {product} {ergonomic}
   size_t G1HeapRegionSize                         = 1048576                                   {product} {ergonomic}
    uintx GCDrainStackTargetSize                   = 64                                        {product} {ergonomic}
   size_t InitialHeapSize                          = 132120576                                 {product} {ergonomic}
   size_t MarkStackSize                            = 4194304                                   {product} {ergonomic}
   size_t MaxHeapSize                              = 2103443456                                {product} {ergonomic}
   size_t MaxNewSize                               = 1261436928                                {product} {ergonomic}
   size_t MinHeapDeltaBytes                        = 1048576                                   {product} {ergonomic}
   size_t MinHeapSize                              = 8388608                                   {product} {ergonomic}
    uintx NonNMethodCodeHeapSize                   = 5839372                                {pd product} {ergonomic}
    uintx NonProfiledCodeHeapSize                  = 122909434                              {pd product} {ergonomic}
    uintx ProfiledCodeHeapSize                     = 122909434                              {pd product} {ergonomic}
    uintx ReservedCodeCacheSize                    = 251658240                              {pd product} {ergonomic}
     bool SegmentedCodeCache                       = true                                      {product} {ergonomic}
     bool ShowCodeDetailsInExceptionMessages       = true                                   {manageable} {command line}
   size_t SoftMaxHeapSize                          = 2103443456                             {manageable} {ergonomic}
     bool UseCompressedClassPointers               = true                           {product lp64_product} {ergonomic}
     bool UseCompressedOops                        = true                           {product lp64_product} {ergonomic}
     bool UseG1GC                                  = true                                      {product} {ergonomic}
     bool UseLargePagesIndividualAllocation        = false                                  {pd product} {ergonomic}

Logging:
Log output configuration:
 #0: stdout all=warning uptime,level,tags
 #1: stderr all=off uptime,level,tags

Environment Variables:
PATH=C:\Users\55819\.p2\pool\plugins\org.eclipse.justj.openjdk.hotspot.jre.full.win32.x86_64_16.0.2.v20210721-1149\jre\bin;C:/Users/55819/.p2/pool/plugins/org.eclipse.justj.openjdk.hotspot.jre.full.win32.x86_64_16.0.2.v20210721-1149/jre/bin/server;C:/Users/55819/.p2/pool/plugins/org.eclipse.justj.openjdk.hotspot.jre.full.win32.x86_64_16.0.2.v20210721-1149/jre/bin;C:\WINDOWS\system32;C:\WINDOWS;C:\WINDOWS\System32\Wbem;C:\WINDOWS\System32\WindowsPowerShell\v1.0\;C:\WINDOWS\System32\OpenSSH\;C:\Program Files\Microsoft SQL Server\120\Tools\Binn\;C:\Program Files\Common Files\Autodesk Shared\;C:\Program Files\Git\cmd;C:\ProgramData\UNIVALI\Portugol Studio;C:\Program Files\MySQL\MySQL Shell 8.0\bin\;C:\Users\55819\AppData\Local\Microsoft\WindowsApps;C:\Users\55819\AppData\Local\Programs\Microsoft VS Code\bin;C:\Users\55819\AppData\Local\GitHubDesktop\bin;C:\Users\55819\OneDrive\µrea de Trabalho;
USERNAME=55819
OS=Windows_NT
PROCESSOR_IDENTIFIER=Intel64 Family 6 Model 142 Stepping 12, GenuineIntel



---------------  S Y S T E M  ---------------

OS:
 Windows 10 , 64 bit Build 19041 (10.0.19041.1202)
OS uptime: 12 days 14:55 hours

CPU: total 8 (initial active 8) (4 cores per cpu, 2 threads per core) family 6 model 142 stepping 12 microcode 0xc6, cx8, cmov, fxsr, ht, mmx, 3dnowpref, sse, sse2, sse3, ssse3, sse4.1, sse4.2, popcnt, lzcnt, tsc, tscinvbit, avx, avx2, aes, erms, clmul, bmi1, bmi2, adx, fma, vzeroupper, clflush, clflushopt

Memory: 4k page, system-wide physical 8023M (1359M free)
TotalPageFile size 15342M (AvailPageFile size 2493M)
current process WorkingSet (physical memory assigned to process): 30M, peak: 48M
current process commit charge ("private bytes"): 208M, peak: 210M

vm_info: OpenJDK 64-Bit Server VM (16.0.2+7-67) for windows-amd64 JRE (16.0.2+7-67), built on Jun  8 2021 23:21:43 by "mach5one" with MS VC++ 16.7 (VS2019)

END.
